=========================================
  CRYPTOCURRENCY TRADING APP
  Local Run (XAMPP / phpMyAdmin)
=========================================

Prereqs:
  1) Start XAMPP and ensure MySQL is running
  2) Open phpMyAdmin -> Import -> choose database.sql -> Go
  3) DB user=root, password is empty (default)

Building...
Launching...
[INFO] Scanning for projects...
[INFO] 
[INFO] ----------------< com.tradingdemo:crypto-trading-demo >-----------------
[INFO] Building Crypto Trading Demo 1.0.0
[INFO]   from pom.xml
[INFO] --------------------------------[ jar ]---------------------------------
[INFO] 
[INFO] >>> javafx:0.0.8:run (default-cli) > process-classes @ crypto-trading-demo >>>
[WARNING] 6 problems were encountered while building the effective model for org.openjfx:javafx-controls:jar:21.0.2
[WARNING] The artifact mysql:mysql-connector-java:jar:8.0.33 has been relocated to com.mysql:mysql-connector-j:jar:8.0.33: MySQL Connector/J artifacts moved to reverse-DNS compliant Maven 2+ coordinates.
[INFO] 
[INFO] --- resources:3.3.1:resources (default-resources) @ crypto-trading-demo ---
[INFO] Copying 11 resources from src/main/resources to target/classes
[INFO] 
[INFO] --- compiler:3.11.0:compile (default-compile) @ crypto-trading-demo ---
[INFO] Nothing to compile - all classes are up to date
[INFO] 
[INFO] <<< javafx:0.0.8:run (default-cli) < process-classes @ crypto-trading-demo <<<
[INFO] 
[WARNING] The artifact mysql:mysql-connector-java:jar:8.0.33 has been relocated to com.mysql:mysql-connector-j:jar:8.0.33: MySQL Connector/J artifacts moved to reverse-DNS compliant Maven 2+ coordinates.
[INFO] 
[INFO] --- javafx:0.0.8:run (default-cli) @ crypto-trading-demo ---
Database connection established successfully!
DEBUG: Attempting login with email: omar@gmail.com
DEBUG: User found: omar@gmail.com (ID: 9)
DEBUG: Verifying password...
DEBUG: Login successful for: omar@gmail.com
DEBUG: Login successful, loading dashboard...
