nohup: ignoring input
=========================================
  CRYPTOCURRENCY TRADING APP
  Local Run (XAMPP / phpMyAdmin)
=========================================

Prereqs:
  1) Start XAMPP and ensure MySQL is running
  2) Open phpMyAdmin -> Import -> choose database.sql -> Go
  3) DB user=root, password is empty (default)

Building...
Launching...
[INFO] Scanning for projects...
[INFO] 
[INFO] ----------------< com.tradingdemo:crypto-trading-demo >-----------------
[INFO] Building Crypto Trading Demo 1.0.0
[INFO]   from pom.xml
[INFO] --------------------------------[ jar ]---------------------------------
[INFO] 
[INFO] >>> javafx:0.0.8:run (default-cli) > process-classes @ crypto-trading-demo >>>
[WARNING] 6 problems were encountered while building the effective model for org.openjfx:javafx-controls:jar:21.0.2
[WARNING] The artifact mysql:mysql-connector-java:jar:8.0.33 has been relocated to com.mysql:mysql-connector-j:jar:8.0.33: MySQL Connector/J artifacts moved to reverse-DNS compliant Maven 2+ coordinates.
[INFO] 
[INFO] --- resources:3.3.1:resources (default-resources) @ crypto-trading-demo ---
[INFO] Copying 10 resources from src/main/resources to target/classes
[INFO] 
[INFO] --- compiler:3.11.0:compile (default-compile) @ crypto-trading-demo ---
[INFO] Nothing to compile - all classes are up to date
[INFO] 
[INFO] <<< javafx:0.0.8:run (default-cli) < process-classes @ crypto-trading-demo <<<
[INFO] 
[WARNING] The artifact mysql:mysql-connector-java:jar:8.0.33 has been relocated to com.mysql:mysql-connector-j:jar:8.0.33: MySQL Connector/J artifacts moved to reverse-DNS compliant Maven 2+ coordinates.
[INFO] 
[INFO] --- javafx:0.0.8:run (default-cli) @ crypto-trading-demo ---
Database connection established successfully!
DEBUG: Attempting login with email: omar@gmail.com
DEBUG: User found: omar@gmail.com (ID: 9)
DEBUG: Verifying password...
DEBUG: Login successful for: omar@gmail.com
DEBUG: Login successful, loading dashboard...
DEBUG: Loading dashboard FXML...
DEBUG: Dashboard FXML resource: file:/home/g701943/Trading_wolfers/target/classes/com/tradingdemo/view/dashboard.fxml
Feb 13, 2026 9:44:24 PM javafx.fxml.FXMLLoader$ValueElement processValue
WARNING: Loading FXML document with JavaFX API of version 25 by JavaFX runtime of version 21.0.2
DEBUG: Initializing DashboardController...
DEBUG: Current user: omar@gmail.com
DEBUG: Setting welcome label...
DEBUG: User is regular user - showing user pages
DEBUG: Updating balance for user ID: 9
DEBUG: Getting balance for user ID: 9
DEBUG: User balance: 959.26341
DEBUG: Setting up button handlers...
DEBUG: User dashboard initialized successfully
DEBUG: Dashboard FXML loaded successfully
DEBUG: Stylesheet applied: file:/home/g701943/Trading_wolfers/target/classes/com/tradingdemo/view/styles.css
DEBUG: Dashboard scene displayed
DEBUG: Loading view: Trading from /com/tradingdemo/view/trading.fxml
DEBUG: Refreshing order list - found 1 total orders
DEBUG: Adding order to list: #13 LONG BTC 0.0010 @ $40736.59 | Margin: $40.74 | P/L: +$4.26 ✓ [OPEN]
DEBUG: Successfully loaded Trading
DEBUG: Refreshing order list - found 1 total orders
DEBUG: Adding order to list: #13 LONG BTC 0.0010 @ $40736.59 | Margin: $40.74 | P/L: +$4.26 ✓ [OPEN]
Error making sentiment API request: Connect timed out
Error making API request: Connect timed out
Error making API request: Connect timed out
⚠ Binance API unavailable - using simulated data
DEBUG: Refreshing order list - found 1 total orders
DEBUG: Adding order to list: #13 LONG BTC 0.0010 @ $40736.59 | Margin: $40.74 | P/L: +$3.93 ✓ [OPEN]
Error making API request: Connect timed out
Error making sentiment API request: Connect timed out
DEBUG: Refreshing order list - found 1 total orders
DEBUG: Adding order to list: #13 LONG BTC 0.0010 @ $40736.59 | Margin: $40.74 | P/L: +$3.78 ✓ [OPEN]
DEBUG: Refreshing order list - found 1 total orders
DEBUG: Adding order to list: #13 LONG BTC 0.0010 @ $40736.59 | Margin: $40.74 | P/L: +$3.78 ✓ [OPEN]
DEBUG: Refreshing order list - found 1 total orders
DEBUG: Adding order to list: #13 LONG BTC 0.0010 @ $40736.59 | Margin: $40.74 | P/L: +$3.38 ✓ [OPEN]
DEBUG: Refreshing order list - found 1 total orders
DEBUG: Adding order to list: #13 LONG BTC 0.0010 @ $40736.59 | Margin: $40.74 | P/L: +$3.38 ✓ [OPEN]
DEBUG: Refreshing order list - found 1 total orders
DEBUG: Adding order to list: #13 LONG BTC 0.0010 @ $40736.59 | Margin: $40.74 | P/L: +$3.38 ✓ [OPEN]
DEBUG: Refreshing order list - found 1 total orders
DEBUG: Adding order to list: #13 LONG BTC 0.0010 @ $40736.59 | Margin: $40.74 | P/L: +$3.05 ✓ [OPEN]
DEBUG: Refreshing order list - found 1 total orders
DEBUG: Adding order to list: #13 LONG BTC 0.0010 @ $40736.59 | Margin: $40.74 | P/L: +$2.90 ✓ [OPEN]
Feb 13, 2026 9:44:58 PM javafx.fxml.FXMLLoader$ValueElement processValue
WARNING: Loading FXML document with JavaFX API of version 25 by JavaFX runtime of version 21.0.2
DEBUG: Initializing DashboardController...
DEBUG: Current user: omar@gmail.com
DEBUG: Setting welcome label...
DEBUG: User is regular user - showing user pages
DEBUG: Updating balance for user ID: 9
DEBUG: Getting balance for user ID: 9
DEBUG: User balance: 959.26341
DEBUG: Setting up button handlers...
DEBUG: User dashboard initialized successfully
DEBUG: Loading view: Wallet from /com/tradingdemo/view/wallet.fxml
DEBUG: Successfully loaded Wallet
DEBUG: Refreshing order list - found 1 total orders
DEBUG: Adding order to list: #13 LONG BTC 0.0010 @ $40736.59 | Margin: $40.74 | P/L: +$2.69 ✓ [OPEN]
Feb 13, 2026 9:45:01 PM javafx.fxml.FXMLLoader$ValueElement processValue
WARNING: Loading FXML document with JavaFX API of version 25 by JavaFX runtime of version 21.0.2
DEBUG: Initializing DashboardController...
DEBUG: Current user: omar@gmail.com
DEBUG: Setting welcome label...
DEBUG: User is regular user - showing user pages
DEBUG: Updating balance for user ID: 9
DEBUG: Getting balance for user ID: 9
DEBUG: User balance: 959.26341
DEBUG: Setting up button handlers...
DEBUG: User dashboard initialized successfully
DEBUG: Loading view: Trading from /com/tradingdemo/view/trading.fxml
DEBUG: Refreshing order list - found 1 total orders
DEBUG: Adding order to list: #13 LONG BTC 0.0010 @ $40736.59 | Margin: $40.74 | P/L: +$4.26 ✓ [OPEN]
DEBUG: Successfully loaded Trading
DEBUG: Refreshing order list - found 1 total orders
DEBUG: Adding order to list: #13 LONG BTC 0.0010 @ $40736.59 | Margin: $40.74 | P/L: +$3.11 ✓ [OPEN]
DEBUG: Refreshing order list - found 1 total orders
DEBUG: Adding order to list: #13 LONG BTC 0.0010 @ $40736.59 | Margin: $40.74 | P/L: +$4.26 ✓ [OPEN]
Error making sentiment API request: Connect timed out
Error making API request: Connect timed out
⚠ Binance API unavailable - using simulated data
Error making API request: Connect timed out
DEBUG: Refreshing order list - found 1 total orders
DEBUG: Adding order to list: #13 LONG BTC 0.0010 @ $40736.59 | Margin: $40.74 | P/L: +$2.72 ✓ [OPEN]
DEBUG: Refreshing order list - found 1 total orders
DEBUG: Adding order to list: #13 LONG BTC 0.0010 @ $40736.59 | Margin: $40.74 | P/L: +$4.18 ✓ [OPEN]
Error making API request: Connect timed out
Error making sentiment API request: Connect timed out
DEBUG: Refreshing order list - found 1 total orders
DEBUG: Adding order to list: #13 LONG BTC 0.0010 @ $40736.59 | Margin: $40.74 | P/L: +$2.45 ✓ [OPEN]
DEBUG: Refreshing order list - found 1 total orders
DEBUG: Adding order to list: #13 LONG BTC 0.0010 @ $40736.59 | Margin: $40.74 | P/L: +$4.37 ✓ [OPEN]
DEBUG: Refreshing order list - found 1 total orders
DEBUG: Adding order to list: #13 LONG BTC 0.0010 @ $40736.59 | Margin: $40.74 | P/L: +$2.61 ✓ [OPEN]
DEBUG: Refreshing order list - found 1 total orders
DEBUG: Adding order to list: #13 LONG BTC 0.0010 @ $40736.59 | Margin: $40.74 | P/L: -$40.39 ✗ [OPEN]
Error making sentiment API request: Connect timed out
DEBUG: Refreshing order list - found 1 total orders
DEBUG: Adding order to list: #13 LONG BTC 0.0010 @ $40736.59 | Margin: $40.74 | P/L: +$2.24 ✓ [OPEN]
Error making sentiment API request: Connect timed out
DEBUG: Refreshing order list - found 1 total orders
DEBUG: Adding order to list: #13 LONG BTC 0.0010 @ $40736.59 | Margin: $40.74 | P/L: -$40.40 ✗ [OPEN]
DEBUG: Refreshing order list - found 1 total orders
DEBUG: Adding order to list: #13 LONG BTC 0.0010 @ $40736.59 | Margin: $40.74 | P/L: +$2.07 ✓ [OPEN]
DEBUG: Refreshing order list - found 1 total orders
DEBUG: Adding order to list: #13 LONG BTC 0.0010 @ $40736.59 | Margin: $40.74 | P/L: -$40.39 ✗ [OPEN]
DEBUG: Refreshing order list - found 1 total orders
DEBUG: Adding order to list: #13 LONG BTC 0.0010 @ $40736.59 | Margin: $40.74 | P/L: +$2.26 ✓ [OPEN]
DEBUG: Refreshing order list - found 1 total orders
DEBUG: Adding order to list: #13 LONG BTC 0.0010 @ $40736.59 | Margin: $40.74 | P/L: -$40.40 ✗ [OPEN]
DEBUG: Refreshing order list - found 1 total orders
DEBUG: Adding order to list: #13 LONG BTC 0.0010 @ $40736.59 | Margin: $40.74 | P/L: +$2.12 ✓ [OPEN]
DEBUG: Refreshing order list - found 1 total orders
DEBUG: Adding order to list: #13 LONG BTC 0.0010 @ $40736.59 | Margin: $40.74 | P/L: -$40.40 ✗ [OPEN]
DEBUG: Refreshing order list - found 1 total orders
DEBUG: Adding order to list: #13 LONG BTC 0.0010 @ $40736.59 | Margin: $40.74 | P/L: +$2.15 ✓ [OPEN]
DEBUG: Refreshing order list - found 1 total orders
DEBUG: Adding order to list: #13 LONG BTC 0.0010 @ $40736.59 | Margin: $40.74 | P/L: -$40.39 ✗ [OPEN]
DEBUG: Refreshing order list - found 1 total orders
DEBUG: Adding order to list: #13 LONG BTC 0.0010 @ $40736.59 | Margin: $40.74 | P/L: +$2.00 ✓ [OPEN]
DEBUG: Refreshing order list - found 1 total orders
DEBUG: Adding order to list: #13 LONG BTC 0.0010 @ $40736.59 | Margin: $40.74 | P/L: -$40.39 ✗ [OPEN]
Starting news fetch from aggregated sources...
Fetching from CryptoCompare...
Fetching from CryptoPanic...
Fetching from CoinDesk...
Fetching from Cointelegraph...
DEBUG: Refreshing order list - found 1 total orders
DEBUG: Adding order to list: #13 LONG BTC 0.0010 @ $40736.59 | Margin: $40.74 | P/L: +$1.80 ✓ [OPEN]
DEBUG: Refreshing order list - found 1 total orders
DEBUG: Adding order to list: #13 LONG BTC 0.0010 @ $40736.59 | Margin: $40.74 | P/L: -$40.39 ✗ [OPEN]
Feb 13, 2026 9:45:58 PM javafx.fxml.FXMLLoader$ValueElement processValue
WARNING: Loading FXML document with JavaFX API of version 25 by JavaFX runtime of version 21.0.2
DEBUG: Initializing DashboardController...
DEBUG: Current user: omar@gmail.com
DEBUG: Setting welcome label...
DEBUG: User is regular user - showing user pages
DEBUG: Updating balance for user ID: 9
DEBUG: Getting balance for user ID: 9
DEBUG: User balance: 959.26341
DEBUG: Setting up button handlers...
DEBUG: User dashboard initialized successfully
DEBUG: Loading view: Trading from /com/tradingdemo/view/trading.fxml
DEBUG: Refreshing order list - found 1 total orders
DEBUG: Adding order to list: #13 LONG BTC 0.0010 @ $40736.59 | Margin: $40.74 | P/L: +$4.26 ✓ [OPEN]
DEBUG: Successfully loaded Trading
DEBUG: Refreshing order list - found 1 total orders
DEBUG: Adding order to list: #13 LONG BTC 0.0010 @ $40736.59 | Margin: $40.74 | P/L: +$1.81 ✓ [OPEN]
DEBUG: Refreshing order list - found 1 total orders
DEBUG: Adding order to list: #13 LONG BTC 0.0010 @ $40736.59 | Margin: $40.74 | P/L: -$40.39 ✗ [OPEN]
DEBUG: Refreshing order list - found 1 total orders
DEBUG: Adding order to list: #13 LONG BTC 0.0010 @ $40736.59 | Margin: $40.74 | P/L: +$4.26 ✓ [OPEN]
Error making sentiment API request: Connect timed out
Error making API request: Connect timed out
⚠ Binance API unavailable - using simulated data
Error making API request: Connect timed out
Error making request to CoinDesk: Connect timed out
Error making request to Cointelegraph: Connect timed out
DEBUG: Refreshing order list - found 1 total orders
DEBUG: Adding order to list: #13 LONG BTC 0.0010 @ $40736.59 | Margin: $40.74 | P/L: +$1.85 ✓ [OPEN]
Error making CryptoCompare API request: Connect timed out
java.net.SocketTimeoutException: Connect timed out
	at java.base/sun.nio.ch.NioSocketImpl.timedFinishConnect(NioSocketImpl.java:551)
	at java.base/sun.nio.ch.NioSocketImpl.connect(NioSocketImpl.java:602)
	at java.base/java.net.SocksSocketImpl.connect(SocksSocketImpl.java:327)
	at java.base/java.net.Socket.connect(Socket.java:633)
	at java.base/sun.security.ssl.SSLSocketImpl.connect(SSLSocketImpl.java:304)
	at java.base/sun.net.NetworkClient.doConnect(NetworkClient.java:178)
	at java.base/sun.net.www.http.HttpClient.openServer(HttpClient.java:533)
	at java.base/sun.net.www.http.HttpClient.openServer(HttpClient.java:638)
	at java.base/sun.net.www.protocol.https.HttpsClient.<init>(HttpsClient.java:266)
	at java.base/sun.net.www.protocol.https.HttpsClient.New(HttpsClient.java:380)
	at java.base/sun.net.www.protocol.https.AbstractDelegateHttpsURLConnection.getNewHttpClient(AbstractDelegateHttpsURLConnection.java:193)
	at java.base/sun.net.www.protocol.http.HttpURLConnection.plainConnect0(HttpURLConnection.java:1262)
	at java.base/sun.net.www.protocol.http.HttpURLConnection.plainConnect(HttpURLConnection.java:1148)
	at java.base/sun.net.www.protocol.https.AbstractDelegateHttpsURLConnection.connect(AbstractDelegateHttpsURLConnection.java:179)
	at java.base/sun.net.www.protocol.http.HttpURLConnection.getInputStream0(HttpURLConnection.java:1717)
	at java.base/sun.net.www.protocol.http.HttpURLConnection.getInputStream(HttpURLConnection.java:1641)
	at java.base/java.net.HttpURLConnection.getResponseCode(HttpURLConnection.java:529)
	at java.base/sun.net.www.protocol.https.HttpsURLConnectionImpl.getResponseCode(HttpsURLConnectionImpl.java:308)
	at com.tradingdemo.service.CryptoCompareNewsService.makeApiRequest(CryptoCompareNewsService.java:153)
	at com.tradingdemo.service.CryptoCompareNewsService.getLatestNews(CryptoCompareNewsService.java:46)
	at com.tradingdemo.service.AggregatedNewsService.lambda$getAggregatedNews$0(AggregatedNewsService.java:43)
	at java.base/java.util.concurrent.CompletableFuture$AsyncSupply.run(CompletableFuture.java:1768)
	at java.base/java.util.concurrent.CompletableFuture$AsyncSupply.exec(CompletableFuture.java:1760)
	at java.base/java.util.concurrent.ForkJoinTask.doExec(ForkJoinTask.java:373)
	at java.base/java.util.concurrent.ForkJoinPool$WorkQueue.topLevelExec(ForkJoinPool.java:1182)
	at java.base/java.util.concurrent.ForkJoinPool.scan(ForkJoinPool.java:1655)
	at java.base/java.util.concurrent.ForkJoinPool.runWorker(ForkJoinPool.java:1622)
	at java.base/java.util.concurrent.ForkJoinWorkerThread.run(ForkJoinWorkerThread.java:165)
Error making CryptoPanic API request: Connect timed out
CryptoCompare returned: 0 articles
CryptoPanic returned: 0 articles
CoinDesk returned: 0 articles
Cointelegraph returned: 0 articles
No API news available, using local demo news
Total unique news articles: 5
DEBUG: Refreshing order list - found 1 total orders
DEBUG: Adding order to list: #13 LONG BTC 0.0010 @ $40736.59 | Margin: $40.74 | P/L: -$40.39 ✗ [OPEN]
DEBUG: Refreshing order list - found 1 total orders
DEBUG: Adding order to list: #13 LONG BTC 0.0010 @ $40736.59 | Margin: $40.74 | P/L: +$3.96 ✓ [OPEN]
Error making API request: Connect timed out
Error making sentiment API request: Connect timed out
DEBUG: Refreshing order list - found 1 total orders
DEBUG: Adding order to list: #13 LONG BTC 0.0010 @ $40736.59 | Margin: $40.74 | P/L: +$1.64 ✓ [OPEN]
DEBUG: Refreshing order list - found 1 total orders
DEBUG: Adding order to list: #13 LONG BTC 0.0010 @ $40736.59 | Margin: $40.74 | P/L: -$40.39 ✗ [OPEN]
DEBUG: Refreshing order list - found 1 total orders
DEBUG: Adding order to list: #13 LONG BTC 0.0010 @ $40736.59 | Margin: $40.74 | P/L: +$3.81 ✓ [OPEN]
DEBUG: Refreshing order list - found 1 total orders
DEBUG: Adding order to list: #13 LONG BTC 0.0010 @ $40736.59 | Margin: $40.74 | P/L: +$1.90 ✓ [OPEN]
DEBUG: Refreshing order list - found 1 total orders
DEBUG: Adding order to list: #13 LONG BTC 0.0010 @ $40736.59 | Margin: $40.74 | P/L: -$40.39 ✗ [OPEN]
DEBUG: Refreshing order list - found 1 total orders
DEBUG: Adding order to list: #13 LONG BTC 0.0010 @ $40736.59 | Margin: $40.74 | P/L: +$3.95 ✓ [OPEN]
DEBUG: Refreshing order list - found 1 total orders
DEBUG: Adding order to list: #13 LONG BTC 0.0010 @ $40736.59 | Margin: $40.74 | P/L: +$1.50 ✓ [OPEN]
DEBUG: Refreshing order list - found 1 total orders
DEBUG: Adding order to list: #13 LONG BTC 0.0010 @ $40736.59 | Margin: $40.74 | P/L: -$40.39 ✗ [OPEN]
DEBUG: Refreshing order list - found 1 total orders
DEBUG: Adding order to list: #13 LONG BTC 0.0010 @ $40736.59 | Margin: $40.74 | P/L: +$3.54 ✓ [OPEN]
DEBUG: Refreshing order list - found 1 total orders
DEBUG: Adding order to list: #13 LONG BTC 0.0010 @ $40736.59 | Margin: $40.74 | P/L: +$1.35 ✓ [OPEN]
DEBUG: Refreshing order list - found 1 total orders
DEBUG: Adding order to list: #13 LONG BTC 0.0010 @ $40736.59 | Margin: $40.74 | P/L: -$40.39 ✗ [OPEN]
DEBUG: Refreshing order list - found 1 total orders
DEBUG: Adding order to list: #13 LONG BTC 0.0010 @ $40736.59 | Margin: $40.74 | P/L: +$3.30 ✓ [OPEN]
DEBUG: Refreshing order list - found 1 total orders
DEBUG: Adding order to list: #13 LONG BTC 0.0010 @ $40736.59 | Margin: $40.74 | P/L: +$1.52 ✓ [OPEN]
DEBUG: Refreshing order list - found 1 total orders
DEBUG: Adding order to list: #13 LONG BTC 0.0010 @ $40736.59 | Margin: $40.74 | P/L: -$40.39 ✗ [OPEN]
DEBUG: Refreshing order list - found 1 total orders
DEBUG: Adding order to list: #13 LONG BTC 0.0010 @ $40736.59 | Margin: $40.74 | P/L: +$2.90 ✓ [OPEN]
DEBUG: Refreshing order list - found 1 total orders
DEBUG: Adding order to list: #13 LONG BTC 0.0010 @ $40736.59 | Margin: $40.74 | P/L: +$1.35 ✓ [OPEN]
DEBUG: Refreshing order list - found 1 total orders
DEBUG: Adding order to list: #13 LONG BTC 0.0010 @ $40736.59 | Margin: $40.74 | P/L: -$40.39 ✗ [OPEN]
DEBUG: Refreshing order list - found 1 total orders
DEBUG: Adding order to list: #13 LONG BTC 0.0010 @ $40736.59 | Margin: $40.74 | P/L: +$2.65 ✓ [OPEN]
DEBUG: Refreshing order list - found 1 total orders
DEBUG: Adding order to list: #13 LONG BTC 0.0010 @ $40736.59 | Margin: $40.74 | P/L: +$1.63 ✓ [OPEN]
DEBUG: Refreshing order list - found 1 total orders
DEBUG: Adding order to list: #13 LONG BTC 0.0010 @ $40736.59 | Margin: $40.74 | P/L: -$40.39 ✗ [OPEN]
DEBUG: Refreshing order list - found 1 total orders
DEBUG: Adding order to list: #13 LONG BTC 0.0010 @ $40736.59 | Margin: $40.74 | P/L: +$2.60 ✓ [OPEN]
DEBUG: Refreshing order list - found 1 total orders
DEBUG: Adding order to list: #13 LONG BTC 0.0010 @ $40736.59 | Margin: $40.74 | P/L: +$1.27 ✓ [OPEN]
DEBUG: Refreshing order list - found 1 total orders
DEBUG: Adding order to list: #13 LONG BTC 0.0010 @ $40736.59 | Margin: $40.74 | P/L: -$40.39 ✗ [OPEN]
DEBUG: Refreshing order list - found 1 total orders
DEBUG: Adding order to list: #13 LONG BTC 0.0010 @ $40736.59 | Margin: $40.74 | P/L: +$2.58 ✓ [OPEN]
DEBUG: Refreshing order list - found 1 total orders
DEBUG: Adding order to list: #13 LONG BTC 0.0010 @ $40736.59 | Margin: $40.74 | P/L: +$1.56 ✓ [OPEN]
DEBUG: Refreshing order list - found 1 total orders
DEBUG: Adding order to list: #13 LONG BTC 0.0010 @ $40736.59 | Margin: $40.74 | P/L: -$40.39 ✗ [OPEN]
DEBUG: Refreshing order list - found 1 total orders
DEBUG: Adding order to list: #13 LONG BTC 0.0010 @ $40736.59 | Margin: $40.74 | P/L: +$2.69 ✓ [OPEN]
DEBUG: Refreshing order list - found 1 total orders
DEBUG: Adding order to list: #13 LONG BTC 0.0010 @ $40736.59 | Margin: $40.74 | P/L: +$1.17 ✓ [OPEN]
DEBUG: Refreshing order list - found 1 total orders
DEBUG: Adding order to list: #13 LONG BTC 0.0010 @ $40736.59 | Margin: $40.74 | P/L: -$40.39 ✗ [OPEN]
DEBUG: Refreshing order list - found 1 total orders
DEBUG: Adding order to list: #13 LONG BTC 0.0010 @ $40736.59 | Margin: $40.74 | P/L: +$2.37 ✓ [OPEN]
DEBUG: Refreshing order list - found 1 total orders
DEBUG: Adding order to list: #13 LONG BTC 0.0010 @ $40736.59 | Margin: $40.74 | P/L: +$1.04 ✓ [OPEN]
DEBUG: Refreshing order list - found 1 total orders
DEBUG: Adding order to list: #13 LONG BTC 0.0010 @ $40736.59 | Margin: $40.74 | P/L: -$40.39 ✗ [OPEN]
DEBUG: Refreshing order list - found 1 total orders
DEBUG: Adding order to list: #13 LONG BTC 0.0010 @ $40736.59 | Margin: $40.74 | P/L: +$2.71 ✓ [OPEN]
DEBUG: Refreshing order list - found 1 total orders
DEBUG: Adding order to list: #13 LONG BTC 0.0010 @ $40736.59 | Margin: $40.74 | P/L: +$1.35 ✓ [OPEN]
DEBUG: Refreshing order list - found 1 total orders
DEBUG: Adding order to list: #13 LONG BTC 0.0010 @ $40736.59 | Margin: $40.74 | P/L: -$40.39 ✗ [OPEN]
DEBUG: Refreshing order list - found 1 total orders
DEBUG: Adding order to list: #13 LONG BTC 0.0010 @ $40736.59 | Margin: $40.74 | P/L: +$2.67 ✓ [OPEN]
DEBUG: Refreshing order list - found 1 total orders
DEBUG: Adding order to list: #13 LONG BTC 0.0010 @ $40736.59 | Margin: $40.74 | P/L: +$1.63 ✓ [OPEN]
DEBUG: Refreshing order list - found 1 total orders
DEBUG: Adding order to list: #13 LONG BTC 0.0010 @ $40736.59 | Margin: $40.74 | P/L: -$40.39 ✗ [OPEN]
DEBUG: Refreshing order list - found 1 total orders
DEBUG: Adding order to list: #13 LONG BTC 0.0010 @ $40736.59 | Margin: $40.74 | P/L: +$2.65 ✓ [OPEN]
DEBUG: Refreshing order list - found 1 total orders
DEBUG: Adding order to list: #13 LONG BTC 0.0010 @ $40736.59 | Margin: $40.74 | P/L: +$1.80 ✓ [OPEN]
DEBUG: Refreshing order list - found 1 total orders
DEBUG: Adding order to list: #13 LONG BTC 0.0010 @ $40736.59 | Margin: $40.74 | P/L: -$40.39 ✗ [OPEN]
DEBUG: Refreshing order list - found 1 total orders
DEBUG: Adding order to list: #13 LONG BTC 0.0010 @ $40736.59 | Margin: $40.74 | P/L: +$3.08 ✓ [OPEN]
DEBUG: Refreshing order list - found 1 total orders
DEBUG: Adding order to list: #13 LONG BTC 0.0010 @ $40736.59 | Margin: $40.74 | P/L: +$1.62 ✓ [OPEN]
DEBUG: Refreshing order list - found 1 total orders
DEBUG: Adding order to list: #13 LONG BTC 0.0010 @ $40736.59 | Margin: $40.74 | P/L: -$40.39 ✗ [OPEN]
DEBUG: Refreshing order list - found 1 total orders
DEBUG: Adding order to list: #13 LONG BTC 0.0010 @ $40736.59 | Margin: $40.74 | P/L: +$2.77 ✓ [OPEN]
DEBUG: Refreshing order list - found 1 total orders
DEBUG: Adding order to list: #13 LONG BTC 0.0010 @ $40736.59 | Margin: $40.74 | P/L: +$1.54 ✓ [OPEN]
DEBUG: Refreshing order list - found 1 total orders
DEBUG: Adding order to list: #13 LONG BTC 0.0010 @ $40736.59 | Margin: $40.74 | P/L: -$40.38 ✗ [OPEN]
DEBUG: Refreshing order list - found 1 total orders
DEBUG: Adding order to list: #13 LONG BTC 0.0010 @ $40736.59 | Margin: $40.74 | P/L: +$2.62 ✓ [OPEN]
DEBUG: Refreshing order list - found 1 total orders
DEBUG: Adding order to list: #13 LONG BTC 0.0010 @ $40736.59 | Margin: $40.74 | P/L: +$1.62 ✓ [OPEN]
DEBUG: Refreshing order list - found 1 total orders
DEBUG: Adding order to list: #13 LONG BTC 0.0010 @ $40736.59 | Margin: $40.74 | P/L: -$40.38 ✗ [OPEN]
DEBUG: Refreshing order list - found 1 total orders
DEBUG: Adding order to list: #13 LONG BTC 0.0010 @ $40736.59 | Margin: $40.74 | P/L: +$2.61 ✓ [OPEN]
DEBUG: Refreshing order list - found 1 total orders
DEBUG: Adding order to list: #13 LONG BTC 0.0010 @ $40736.59 | Margin: $40.74 | P/L: +$1.81 ✓ [OPEN]
DEBUG: Refreshing order list - found 1 total orders
DEBUG: Adding order to list: #13 LONG BTC 0.0010 @ $40736.59 | Margin: $40.74 | P/L: -$40.39 ✗ [OPEN]
DEBUG: Refreshing order list - found 1 total orders
DEBUG: Adding order to list: #13 LONG BTC 0.0010 @ $40736.59 | Margin: $40.74 | P/L: +$2.26 ✓ [OPEN]
DEBUG: Refreshing order list - found 1 total orders
DEBUG: Adding order to list: #13 LONG BTC 0.0010 @ $40736.59 | Margin: $40.74 | P/L: +$2.06 ✓ [OPEN]
DEBUG: Refreshing order list - found 1 total orders
DEBUG: Adding order to list: #13 LONG BTC 0.0010 @ $40736.59 | Margin: $40.74 | P/L: -$40.39 ✗ [OPEN]
DEBUG: Refreshing order list - found 1 total orders
DEBUG: Adding order to list: #13 LONG BTC 0.0010 @ $40736.59 | Margin: $40.74 | P/L: +$1.96 ✓ [OPEN]
DEBUG: Refreshing order list - found 1 total orders
DEBUG: Adding order to list: #13 LONG BTC 0.0010 @ $40736.59 | Margin: $40.74 | P/L: +$1.71 ✓ [OPEN]
DEBUG: Refreshing order list - found 1 total orders
DEBUG: Adding order to list: #13 LONG BTC 0.0010 @ $40736.59 | Margin: $40.74 | P/L: -$40.39 ✗ [OPEN]
DEBUG: Refreshing order list - found 1 total orders
DEBUG: Adding order to list: #13 LONG BTC 0.0010 @ $40736.59 | Margin: $40.74 | P/L: +$2.33 ✓ [OPEN]
DEBUG: Refreshing order list - found 1 total orders
DEBUG: Adding order to list: #13 LONG BTC 0.0010 @ $40736.59 | Margin: $40.74 | P/L: +$2.09 ✓ [OPEN]
DEBUG: Refreshing order list - found 1 total orders
DEBUG: Adding order to list: #13 LONG BTC 0.0010 @ $40736.59 | Margin: $40.74 | P/L: -$40.38 ✗ [OPEN]
DEBUG: Refreshing order list - found 1 total orders
DEBUG: Adding order to list: #13 LONG BTC 0.0010 @ $40736.59 | Margin: $40.74 | P/L: +$2.52 ✓ [OPEN]
DEBUG: Refreshing order list - found 1 total orders
DEBUG: Adding order to list: #13 LONG BTC 0.0010 @ $40736.59 | Margin: $40.74 | P/L: +$1.71 ✓ [OPEN]
DEBUG: Refreshing order list - found 1 total orders
DEBUG: Adding order to list: #13 LONG BTC 0.0010 @ $40736.59 | Margin: $40.74 | P/L: -$40.39 ✗ [OPEN]
DEBUG: Refreshing order list - found 1 total orders
DEBUG: Adding order to list: #13 LONG BTC 0.0010 @ $40736.59 | Margin: $40.74 | P/L: +$2.14 ✓ [OPEN]
DEBUG: Refreshing order list - found 1 total orders
DEBUG: Adding order to list: #13 LONG BTC 0.0010 @ $40736.59 | Margin: $40.74 | P/L: +$1.89 ✓ [OPEN]
DEBUG: Refreshing order list - found 1 total orders
DEBUG: Adding order to list: #13 LONG BTC 0.0010 @ $40736.59 | Margin: $40.74 | P/L: -$40.39 ✗ [OPEN]
DEBUG: Refreshing order list - found 1 total orders
DEBUG: Adding order to list: #13 LONG BTC 0.0010 @ $40736.59 | Margin: $40.74 | P/L: +$2.42 ✓ [OPEN]
DEBUG: Refreshing order list - found 1 total orders
DEBUG: Adding order to list: #13 LONG BTC 0.0010 @ $40736.59 | Margin: $40.74 | P/L: +$1.67 ✓ [OPEN]
DEBUG: Refreshing order list - found 1 total orders
DEBUG: Adding order to list: #13 LONG BTC 0.0010 @ $40736.59 | Margin: $40.74 | P/L: -$40.39 ✗ [OPEN]
DEBUG: Refreshing order list - found 1 total orders
DEBUG: Adding order to list: #13 LONG BTC 0.0010 @ $40736.59 | Margin: $40.74 | P/L: +$2.79 ✓ [OPEN]
DEBUG: Refreshing order list - found 1 total orders
DEBUG: Adding order to list: #13 LONG BTC 0.0010 @ $40736.59 | Margin: $40.74 | P/L: +$1.34 ✓ [OPEN]
DEBUG: Refreshing order list - found 1 total orders
DEBUG: Adding order to list: #13 LONG BTC 0.0010 @ $40736.59 | Margin: $40.74 | P/L: -$40.39 ✗ [OPEN]
DEBUG: Refreshing order list - found 1 total orders
DEBUG: Adding order to list: #13 LONG BTC 0.0010 @ $40736.59 | Margin: $40.74 | P/L: +$2.92 ✓ [OPEN]
DEBUG: Refreshing order list - found 1 total orders
DEBUG: Adding order to list: #13 LONG BTC 0.0010 @ $40736.59 | Margin: $40.74 | P/L: +$1.57 ✓ [OPEN]
DEBUG: Refreshing order list - found 1 total orders
DEBUG: Adding order to list: #13 LONG BTC 0.0010 @ $40736.59 | Margin: $40.74 | P/L: -$40.38 ✗ [OPEN]
DEBUG: Refreshing order list - found 1 total orders
DEBUG: Adding order to list: #13 LONG BTC 0.0010 @ $40736.59 | Margin: $40.74 | P/L: +$3.12 ✓ [OPEN]
DEBUG: Refreshing order list - found 1 total orders
DEBUG: Adding order to list: #13 LONG BTC 0.0010 @ $40736.59 | Margin: $40.74 | P/L: +$1.71 ✓ [OPEN]
DEBUG: Refreshing order list - found 1 total orders
DEBUG: Adding order to list: #13 LONG BTC 0.0010 @ $40736.59 | Margin: $40.74 | P/L: -$40.39 ✗ [OPEN]
DEBUG: Refreshing order list - found 1 total orders
DEBUG: Adding order to list: #13 LONG BTC 0.0010 @ $40736.59 | Margin: $40.74 | P/L: +$3.46 ✓ [OPEN]
DEBUG: Refreshing order list - found 1 total orders
DEBUG: Adding order to list: #13 LONG BTC 0.0010 @ $40736.59 | Margin: $40.74 | P/L: +$1.47 ✓ [OPEN]
DEBUG: Refreshing order list - found 1 total orders
DEBUG: Adding order to list: #13 LONG BTC 0.0010 @ $40736.59 | Margin: $40.74 | P/L: -$40.39 ✗ [OPEN]
DEBUG: Refreshing order list - found 1 total orders
DEBUG: Adding order to list: #13 LONG BTC 0.0010 @ $40736.59 | Margin: $40.74 | P/L: +$3.26 ✓ [OPEN]
DEBUG: Refreshing order list - found 1 total orders
DEBUG: Adding order to list: #13 LONG BTC 0.0010 @ $40736.59 | Margin: $40.74 | P/L: +$1.27 ✓ [OPEN]
DEBUG: Refreshing order list - found 1 total orders
DEBUG: Adding order to list: #13 LONG BTC 0.0010 @ $40736.59 | Margin: $40.74 | P/L: -$40.39 ✗ [OPEN]
DEBUG: Refreshing order list - found 1 total orders
DEBUG: Adding order to list: #13 LONG BTC 0.0010 @ $40736.59 | Margin: $40.74 | P/L: +$2.88 ✓ [OPEN]
DEBUG: Refreshing order list - found 1 total orders
DEBUG: Adding order to list: #13 LONG BTC 0.0010 @ $40736.59 | Margin: $40.74 | P/L: +$1.39 ✓ [OPEN]
DEBUG: Refreshing order list - found 1 total orders
DEBUG: Adding order to list: #13 LONG BTC 0.0010 @ $40736.59 | Margin: $40.74 | P/L: -$40.38 ✗ [OPEN]
DEBUG: Refreshing order list - found 1 total orders
DEBUG: Adding order to list: #13 LONG BTC 0.0010 @ $40736.59 | Margin: $40.74 | P/L: +$2.45 ✓ [OPEN]
DEBUG: Refreshing order list - found 1 total orders
DEBUG: Adding order to list: #13 LONG BTC 0.0010 @ $40736.59 | Margin: $40.74 | P/L: +$1.41 ✓ [OPEN]
DEBUG: Refreshing order list - found 1 total orders
DEBUG: Adding order to list: #13 LONG BTC 0.0010 @ $40736.59 | Margin: $40.74 | P/L: -$40.38 ✗ [OPEN]
DEBUG: Refreshing order list - found 1 total orders
DEBUG: Adding order to list: #13 LONG BTC 0.0010 @ $40736.59 | Margin: $40.74 | P/L: +$2.73 ✓ [OPEN]
DEBUG: Refreshing order list - found 1 total orders
DEBUG: Adding order to list: #13 LONG BTC 0.0010 @ $40736.59 | Margin: $40.74 | P/L: +$1.46 ✓ [OPEN]
DEBUG: Refreshing order list - found 1 total orders
DEBUG: Adding order to list: #13 LONG BTC 0.0010 @ $40736.59 | Margin: $40.74 | P/L: -$40.39 ✗ [OPEN]
DEBUG: Refreshing order list - found 1 total orders
DEBUG: Adding order to list: #13 LONG BTC 0.0010 @ $40736.59 | Margin: $40.74 | P/L: +$2.41 ✓ [OPEN]
DEBUG: Refreshing order list - found 1 total orders
DEBUG: Adding order to list: #13 LONG BTC 0.0010 @ $40736.59 | Margin: $40.74 | P/L: +$1.54 ✓ [OPEN]
DEBUG: Refreshing order list - found 1 total orders
DEBUG: Adding order to list: #13 LONG BTC 0.0010 @ $40736.59 | Margin: $40.74 | P/L: -$40.39 ✗ [OPEN]
DEBUG: Refreshing order list - found 1 total orders
DEBUG: Adding order to list: #13 LONG BTC 0.0010 @ $40736.59 | Margin: $40.74 | P/L: +$2.77 ✓ [OPEN]
DEBUG: Refreshing order list - found 1 total orders
DEBUG: Adding order to list: #13 LONG BTC 0.0010 @ $40736.59 | Margin: $40.74 | P/L: +$1.22 ✓ [OPEN]
DEBUG: Refreshing order list - found 1 total orders
DEBUG: Adding order to list: #13 LONG BTC 0.0010 @ $40736.59 | Margin: $40.74 | P/L: -$40.39 ✗ [OPEN]
DEBUG: Refreshing order list - found 1 total orders
DEBUG: Adding order to list: #13 LONG BTC 0.0010 @ $40736.59 | Margin: $40.74 | P/L: +$2.78 ✓ [OPEN]
DEBUG: Refreshing order list - found 1 total orders
DEBUG: Adding order to list: #13 LONG BTC 0.0010 @ $40736.59 | Margin: $40.74 | P/L: +$1.48 ✓ [OPEN]
DEBUG: Refreshing order list - found 1 total orders
DEBUG: Adding order to list: #13 LONG BTC 0.0010 @ $40736.59 | Margin: $40.74 | P/L: -$40.39 ✗ [OPEN]
DEBUG: Refreshing order list - found 1 total orders
DEBUG: Adding order to list: #13 LONG BTC 0.0010 @ $40736.59 | Margin: $40.74 | P/L: +$3.16 ✓ [OPEN]
DEBUG: Refreshing order list - found 1 total orders
DEBUG: Adding order to list: #13 LONG BTC 0.0010 @ $40736.59 | Margin: $40.74 | P/L: +$1.67 ✓ [OPEN]
DEBUG: Refreshing order list - found 1 total orders
DEBUG: Adding order to list: #13 LONG BTC 0.0010 @ $40736.59 | Margin: $40.74 | P/L: -$40.39 ✗ [OPEN]
DEBUG: Refreshing order list - found 1 total orders
DEBUG: Adding order to list: #13 LONG BTC 0.0010 @ $40736.59 | Margin: $40.74 | P/L: +$2.80 ✓ [OPEN]
DEBUG: Refreshing order list - found 1 total orders
DEBUG: Adding order to list: #13 LONG BTC 0.0010 @ $40736.59 | Margin: $40.74 | P/L: +$1.51 ✓ [OPEN]
DEBUG: Refreshing order list - found 1 total orders
DEBUG: Adding order to list: #13 LONG BTC 0.0010 @ $40736.59 | Margin: $40.74 | P/L: -$40.39 ✗ [OPEN]
DEBUG: Refreshing order list - found 1 total orders
DEBUG: Adding order to list: #13 LONG BTC 0.0010 @ $40736.59 | Margin: $40.74 | P/L: +$2.42 ✓ [OPEN]
DEBUG: Refreshing order list - found 1 total orders
DEBUG: Adding order to list: #13 LONG BTC 0.0010 @ $40736.59 | Margin: $40.74 | P/L: +$1.89 ✓ [OPEN]
DEBUG: Refreshing order list - found 1 total orders
DEBUG: Adding order to list: #13 LONG BTC 0.0010 @ $40736.59 | Margin: $40.74 | P/L: -$40.39 ✗ [OPEN]
DEBUG: Refreshing order list - found 1 total orders
DEBUG: Adding order to list: #13 LONG BTC 0.0010 @ $40736.59 | Margin: $40.74 | P/L: +$2.26 ✓ [OPEN]
DEBUG: Refreshing order list - found 1 total orders
DEBUG: Adding order to list: #13 LONG BTC 0.0010 @ $40736.59 | Margin: $40.74 | P/L: +$1.81 ✓ [OPEN]
DEBUG: Refreshing order list - found 1 total orders
DEBUG: Adding order to list: #13 LONG BTC 0.0010 @ $40736.59 | Margin: $40.74 | P/L: -$40.38 ✗ [OPEN]
DEBUG: Refreshing order list - found 1 total orders
DEBUG: Adding order to list: #13 LONG BTC 0.0010 @ $40736.59 | Margin: $40.74 | P/L: +$2.66 ✓ [OPEN]
DEBUG: Refreshing order list - found 1 total orders
DEBUG: Adding order to list: #13 LONG BTC 0.0010 @ $40736.59 | Margin: $40.74 | P/L: +$1.42 ✓ [OPEN]
DEBUG: Refreshing order list - found 1 total orders
DEBUG: Adding order to list: #13 LONG BTC 0.0010 @ $40736.59 | Margin: $40.74 | P/L: -$40.38 ✗ [OPEN]
DEBUG: Refreshing order list - found 1 total orders
DEBUG: Adding order to list: #13 LONG BTC 0.0010 @ $40736.59 | Margin: $40.74 | P/L: +$2.53 ✓ [OPEN]
DEBUG: Refreshing order list - found 1 total orders
DEBUG: Adding order to list: #13 LONG BTC 0.0010 @ $40736.59 | Margin: $40.74 | P/L: +$1.17 ✓ [OPEN]
DEBUG: Refreshing order list - found 1 total orders
DEBUG: Adding order to list: #13 LONG BTC 0.0010 @ $40736.59 | Margin: $40.74 | P/L: -$40.38 ✗ [OPEN]
DEBUG: Refreshing order list - found 1 total orders
DEBUG: Adding order to list: #13 LONG BTC 0.0010 @ $40736.59 | Margin: $40.74 | P/L: +$2.71 ✓ [OPEN]
DEBUG: Refreshing order list - found 1 total orders
DEBUG: Adding order to list: #13 LONG BTC 0.0010 @ $40736.59 | Margin: $40.74 | P/L: +$1.16 ✓ [OPEN]
DEBUG: Refreshing order list - found 1 total orders
DEBUG: Adding order to list: #13 LONG BTC 0.0010 @ $40736.59 | Margin: $40.74 | P/L: -$40.38 ✗ [OPEN]
DEBUG: Refreshing order list - found 1 total orders
DEBUG: Adding order to list: #13 LONG BTC 0.0010 @ $40736.59 | Margin: $40.74 | P/L: +$2.69 ✓ [OPEN]
DEBUG: Refreshing order list - found 1 total orders
DEBUG: Adding order to list: #13 LONG BTC 0.0010 @ $40736.59 | Margin: $40.74 | P/L: +$1.54 ✓ [OPEN]
DEBUG: Refreshing order list - found 1 total orders
DEBUG: Adding order to list: #13 LONG BTC 0.0010 @ $40736.59 | Margin: $40.74 | P/L: -$40.38 ✗ [OPEN]
DEBUG: Refreshing order list - found 1 total orders
DEBUG: Adding order to list: #13 LONG BTC 0.0010 @ $40736.59 | Margin: $40.74 | P/L: +$2.78 ✓ [OPEN]
DEBUG: Refreshing order list - found 1 total orders
DEBUG: Adding order to list: #13 LONG BTC 0.0010 @ $40736.59 | Margin: $40.74 | P/L: +$1.60 ✓ [OPEN]
DEBUG: Refreshing order list - found 1 total orders
DEBUG: Adding order to list: #13 LONG BTC 0.0010 @ $40736.59 | Margin: $40.74 | P/L: -$40.38 ✗ [OPEN]
DEBUG: Refreshing order list - found 1 total orders
DEBUG: Adding order to list: #13 LONG BTC 0.0010 @ $40736.59 | Margin: $40.74 | P/L: +$2.74 ✓ [OPEN]
DEBUG: Refreshing order list - found 1 total orders
DEBUG: Adding order to list: #13 LONG BTC 0.0010 @ $40736.59 | Margin: $40.74 | P/L: +$1.81 ✓ [OPEN]
DEBUG: Refreshing order list - found 1 total orders
DEBUG: Adding order to list: #13 LONG BTC 0.0010 @ $40736.59 | Margin: $40.74 | P/L: -$40.38 ✗ [OPEN]
DEBUG: Refreshing order list - found 1 total orders
DEBUG: Adding order to list: #13 LONG BTC 0.0010 @ $40736.59 | Margin: $40.74 | P/L: +$3.07 ✓ [OPEN]
DEBUG: Refreshing order list - found 1 total orders
DEBUG: Adding order to list: #13 LONG BTC 0.0010 @ $40736.59 | Margin: $40.74 | P/L: +$1.97 ✓ [OPEN]
DEBUG: Refreshing order list - found 1 total orders
DEBUG: Adding order to list: #13 LONG BTC 0.0010 @ $40736.59 | Margin: $40.74 | P/L: -$40.38 ✗ [OPEN]
DEBUG: Refreshing order list - found 1 total orders
DEBUG: Adding order to list: #13 LONG BTC 0.0010 @ $40736.59 | Margin: $40.74 | P/L: +$3.35 ✓ [OPEN]
DEBUG: Refreshing order list - found 1 total orders
DEBUG: Adding order to list: #13 LONG BTC 0.0010 @ $40736.59 | Margin: $40.74 | P/L: +$1.76 ✓ [OPEN]
DEBUG: Refreshing order list - found 1 total orders
DEBUG: Adding order to list: #13 LONG BTC 0.0010 @ $40736.59 | Margin: $40.74 | P/L: -$40.38 ✗ [OPEN]
DEBUG: Refreshing order list - found 1 total orders
DEBUG: Adding order to list: #13 LONG BTC 0.0010 @ $40736.59 | Margin: $40.74 | P/L: +$3.20 ✓ [OPEN]
DEBUG: Refreshing order list - found 1 total orders
DEBUG: Adding order to list: #13 LONG BTC 0.0010 @ $40736.59 | Margin: $40.74 | P/L: +$1.60 ✓ [OPEN]
DEBUG: Refreshing order list - found 1 total orders
DEBUG: Adding order to list: #13 LONG BTC 0.0010 @ $40736.59 | Margin: $40.74 | P/L: -$40.39 ✗ [OPEN]
DEBUG: Refreshing order list - found 1 total orders
DEBUG: Adding order to list: #13 LONG BTC 0.0010 @ $40736.59 | Margin: $40.74 | P/L: +$3.07 ✓ [OPEN]
DEBUG: Refreshing order list - found 1 total orders
DEBUG: Adding order to list: #13 LONG BTC 0.0010 @ $40736.59 | Margin: $40.74 | P/L: +$1.42 ✓ [OPEN]
DEBUG: Refreshing order list - found 1 total orders
DEBUG: Adding order to list: #13 LONG BTC 0.0010 @ $40736.59 | Margin: $40.74 | P/L: -$40.38 ✗ [OPEN]
DEBUG: Refreshing order list - found 1 total orders
DEBUG: Adding order to list: #13 LONG BTC 0.0010 @ $40736.59 | Margin: $40.74 | P/L: +$2.86 ✓ [OPEN]
DEBUG: Refreshing order list - found 1 total orders
DEBUG: Adding order to list: #13 LONG BTC 0.0010 @ $40736.59 | Margin: $40.74 | P/L: +$1.70 ✓ [OPEN]
DEBUG: Refreshing order list - found 1 total orders
DEBUG: Adding order to list: #13 LONG BTC 0.0010 @ $40736.59 | Margin: $40.74 | P/L: -$40.39 ✗ [OPEN]
DEBUG: Refreshing order list - found 1 total orders
DEBUG: Adding order to list: #13 LONG BTC 0.0010 @ $40736.59 | Margin: $40.74 | P/L: +$2.84 ✓ [OPEN]
DEBUG: Refreshing order list - found 1 total orders
DEBUG: Adding order to list: #13 LONG BTC 0.0010 @ $40736.59 | Margin: $40.74 | P/L: +$1.95 ✓ [OPEN]
DEBUG: Refreshing order list - found 1 total orders
DEBUG: Adding order to list: #13 LONG BTC 0.0010 @ $40736.59 | Margin: $40.74 | P/L: -$40.39 ✗ [OPEN]
DEBUG: Refreshing order list - found 1 total orders
DEBUG: Adding order to list: #13 LONG BTC 0.0010 @ $40736.59 | Margin: $40.74 | P/L: +$3.09 ✓ [OPEN]
DEBUG: Refreshing order list - found 1 total orders
DEBUG: Adding order to list: #13 LONG BTC 0.0010 @ $40736.59 | Margin: $40.74 | P/L: +$1.69 ✓ [OPEN]
DEBUG: Refreshing order list - found 1 total orders
DEBUG: Adding order to list: #13 LONG BTC 0.0010 @ $40736.59 | Margin: $40.74 | P/L: -$40.39 ✗ [OPEN]
DEBUG: Refreshing order list - found 1 total orders
DEBUG: Adding order to list: #13 LONG BTC 0.0010 @ $40736.59 | Margin: $40.74 | P/L: +$2.76 ✓ [OPEN]
DEBUG: Refreshing order list - found 1 total orders
DEBUG: Adding order to list: #13 LONG BTC 0.0010 @ $40736.59 | Margin: $40.74 | P/L: +$1.32 ✓ [OPEN]
DEBUG: Refreshing order list - found 1 total orders
DEBUG: Adding order to list: #13 LONG BTC 0.0010 @ $40736.59 | Margin: $40.74 | P/L: -$40.39 ✗ [OPEN]
DEBUG: Refreshing order list - found 1 total orders
DEBUG: Adding order to list: #13 LONG BTC 0.0010 @ $40736.59 | Margin: $40.74 | P/L: +$2.64 ✓ [OPEN]
DEBUG: Refreshing order list - found 1 total orders
DEBUG: Adding order to list: #13 LONG BTC 0.0010 @ $40736.59 | Margin: $40.74 | P/L: +$1.66 ✓ [OPEN]
DEBUG: Refreshing order list - found 1 total orders
DEBUG: Adding order to list: #13 LONG BTC 0.0010 @ $40736.59 | Margin: $40.74 | P/L: -$40.40 ✗ [OPEN]
DEBUG: Refreshing order list - found 1 total orders
DEBUG: Adding order to list: #13 LONG BTC 0.0010 @ $40736.59 | Margin: $40.74 | P/L: +$3.00 ✓ [OPEN]
DEBUG: Refreshing order list - found 1 total orders
DEBUG: Adding order to list: #13 LONG BTC 0.0010 @ $40736.59 | Margin: $40.74 | P/L: +$1.59 ✓ [OPEN]
DEBUG: Refreshing order list - found 1 total orders
DEBUG: Adding order to list: #13 LONG BTC 0.0010 @ $40736.59 | Margin: $40.74 | P/L: -$40.39 ✗ [OPEN]
DEBUG: Refreshing order list - found 1 total orders
DEBUG: Adding order to list: #13 LONG BTC 0.0010 @ $40736.59 | Margin: $40.74 | P/L: +$2.59 ✓ [OPEN]
DEBUG: Refreshing order list - found 1 total orders
DEBUG: Adding order to list: #13 LONG BTC 0.0010 @ $40736.59 | Margin: $40.74 | P/L: +$1.21 ✓ [OPEN]
DEBUG: Refreshing order list - found 1 total orders
DEBUG: Adding order to list: #13 LONG BTC 0.0010 @ $40736.59 | Margin: $40.74 | P/L: -$40.39 ✗ [OPEN]
DEBUG: Refreshing order list - found 1 total orders
DEBUG: Adding order to list: #13 LONG BTC 0.0010 @ $40736.59 | Margin: $40.74 | P/L: +$2.82 ✓ [OPEN]
DEBUG: Refreshing order list - found 1 total orders
DEBUG: Adding order to list: #13 LONG BTC 0.0010 @ $40736.59 | Margin: $40.74 | P/L: +$1.46 ✓ [OPEN]
DEBUG: Refreshing order list - found 1 total orders
DEBUG: Adding order to list: #13 LONG BTC 0.0010 @ $40736.59 | Margin: $40.74 | P/L: -$40.40 ✗ [OPEN]
DEBUG: Refreshing order list - found 1 total orders
DEBUG: Adding order to list: #13 LONG BTC 0.0010 @ $40736.59 | Margin: $40.74 | P/L: +$2.98 ✓ [OPEN]
DEBUG: Refreshing order list - found 1 total orders
DEBUG: Adding order to list: #13 LONG BTC 0.0010 @ $40736.59 | Margin: $40.74 | P/L: +$1.09 ✓ [OPEN]
DEBUG: Refreshing order list - found 1 total orders
DEBUG: Adding order to list: #13 LONG BTC 0.0010 @ $40736.59 | Margin: $40.74 | P/L: -$40.40 ✗ [OPEN]
DEBUG: Refreshing order list - found 1 total orders
DEBUG: Adding order to list: #13 LONG BTC 0.0010 @ $40736.59 | Margin: $40.74 | P/L: +$2.98 ✓ [OPEN]
DEBUG: Refreshing order list - found 1 total orders
DEBUG: Adding order to list: #13 LONG BTC 0.0010 @ $40736.59 | Margin: $40.74 | P/L: +$0.97 ✓ [OPEN]
DEBUG: Refreshing order list - found 1 total orders
DEBUG: Adding order to list: #13 LONG BTC 0.0010 @ $40736.59 | Margin: $40.74 | P/L: -$40.40 ✗ [OPEN]
DEBUG: Refreshing order list - found 1 total orders
DEBUG: Adding order to list: #13 LONG BTC 0.0010 @ $40736.59 | Margin: $40.74 | P/L: +$2.82 ✓ [OPEN]
DEBUG: Refreshing order list - found 1 total orders
DEBUG: Adding order to list: #13 LONG BTC 0.0010 @ $40736.59 | Margin: $40.74 | P/L: +$0.68 ✓ [OPEN]
DEBUG: Refreshing order list - found 1 total orders
DEBUG: Adding order to list: #13 LONG BTC 0.0010 @ $40736.59 | Margin: $40.74 | P/L: -$40.40 ✗ [OPEN]
DEBUG: Refreshing order list - found 1 total orders
DEBUG: Adding order to list: #13 LONG BTC 0.0010 @ $40736.59 | Margin: $40.74 | P/L: +$2.92 ✓ [OPEN]
DEBUG: Refreshing order list - found 1 total orders
DEBUG: Adding order to list: #13 LONG BTC 0.0010 @ $40736.59 | Margin: $40.74 | P/L: +$0.89 ✓ [OPEN]
DEBUG: Refreshing order list - found 1 total orders
DEBUG: Adding order to list: #13 LONG BTC 0.0010 @ $40736.59 | Margin: $40.74 | P/L: -$40.40 ✗ [OPEN]
DEBUG: Refreshing order list - found 1 total orders
DEBUG: Adding order to list: #13 LONG BTC 0.0010 @ $40736.59 | Margin: $40.74 | P/L: +$2.76 ✓ [OPEN]
DEBUG: Refreshing order list - found 1 total orders
DEBUG: Adding order to list: #13 LONG BTC 0.0010 @ $40736.59 | Margin: $40.74 | P/L: +$0.84 ✓ [OPEN]
DEBUG: Refreshing order list - found 1 total orders
DEBUG: Adding order to list: #13 LONG BTC 0.0010 @ $40736.59 | Margin: $40.74 | P/L: -$40.40 ✗ [OPEN]
DEBUG: Refreshing order list - found 1 total orders
DEBUG: Adding order to list: #13 LONG BTC 0.0010 @ $40736.59 | Margin: $40.74 | P/L: +$2.35 ✓ [OPEN]
DEBUG: Refreshing order list - found 1 total orders
DEBUG: Adding order to list: #13 LONG BTC 0.0010 @ $40736.59 | Margin: $40.74 | P/L: +$0.80 ✓ [OPEN]
DEBUG: Refreshing order list - found 1 total orders
DEBUG: Adding order to list: #13 LONG BTC 0.0010 @ $40736.59 | Margin: $40.74 | P/L: -$40.40 ✗ [OPEN]
