=========================================
  CRYPTOCURRENCY TRADING APP
  Local Run (XAMPP / phpMyAdmin)
=========================================

Prereqs:
  1) Start XAMPP and ensure MySQL is running
  2) Open phpMyAdmin -> Import -> choose database.sql -> Go
  3) DB user=root, password is empty (default)

Building...
Launching...
[INFO] Scanning for projects...
[INFO] 
[INFO] ----------------< com.tradingdemo:crypto-trading-demo >-----------------
[INFO] Building Crypto Trading Demo 1.0.0
[INFO]   from pom.xml
[INFO] --------------------------------[ jar ]---------------------------------
[INFO] 
[INFO] >>> javafx:0.0.8:run (default-cli) > process-classes @ crypto-trading-demo >>>
[WARNING] 6 problems were encountered while building the effective model for org.openjfx:javafx-controls:jar:21.0.2
[WARNING] The artifact mysql:mysql-connector-java:jar:8.0.33 has been relocated to com.mysql:mysql-connector-j:jar:8.0.33: MySQL Connector/J artifacts moved to reverse-DNS compliant Maven 2+ coordinates.
[INFO] 
[INFO] --- resources:3.3.1:resources (default-resources) @ crypto-trading-demo ---
[INFO] Copying 11 resources from src/main/resources to target/classes
[INFO] 
[INFO] --- compiler:3.11.0:compile (default-compile) @ crypto-trading-demo ---
[INFO] Nothing to compile - all classes are up to date
[INFO] 
[INFO] <<< javafx:0.0.8:run (default-cli) < process-classes @ crypto-trading-demo <<<
[INFO] 
[WARNING] The artifact mysql:mysql-connector-java:jar:8.0.33 has been relocated to com.mysql:mysql-connector-j:jar:8.0.33: MySQL Connector/J artifacts moved to reverse-DNS compliant Maven 2+ coordinates.
[INFO] 
[INFO] --- javafx:0.0.8:run (default-cli) @ crypto-trading-demo ---
Database connection established successfully!
DEBUG: Attempting login with email: omar@gmail.com
DEBUG: User found: omar@gmail.com (ID: 9)
DEBUG: Verifying password...
DEBUG: Login successful for: omar@gmail.com
DEBUG: Login successful, loading dashboard...
DEBUG: Loading dashboard FXML...
DEBUG: Dashboard FXML resource: file:/home/g701943/Trading_wolfers/target/classes/com/tradingdemo/view/dashboard.fxml
Feb 13, 2026 10:54:05 PM javafx.fxml.FXMLLoader$ValueElement processValue
WARNING: Loading FXML document with JavaFX API of version 25 by JavaFX runtime of version 21.0.2
DEBUG: Initializing DashboardController...
DEBUG: Current user: omar@gmail.com
DEBUG: Setting welcome label...
DEBUG: User is regular user - showing user pages
DEBUG: Updating balance for user ID: 9
DEBUG: Getting balance for user ID: 9
DEBUG: User balance: 959.26341
DEBUG: Setting up button handlers...
DEBUG: User dashboard initialized successfully
DEBUG: Dashboard FXML loaded successfully
DEBUG: Stylesheet applied: file:/home/g701943/Trading_wolfers/target/classes/com/tradingdemo/view/styles.css
DEBUG: Dashboard scene displayed
DEBUG: Loading view: News from /com/tradingdemo/view/news.fxml
Starting news fetch from aggregated sources...
Fetching from CryptoCompare...
Fetching from CryptoPanic...
Fetching from CoinDesk...
Fetching from Cointelegraph...
DEBUG: Successfully loaded News
Feb 13, 2026 10:54:10 PM javafx.fxml.FXMLLoader$ValueElement processValue
WARNING: Loading FXML document with JavaFX API of version 25 by JavaFX runtime of version 21.0.2
DEBUG: Initializing DashboardController...
DEBUG: Current user: omar@gmail.com
DEBUG: Setting welcome label...
DEBUG: User is regular user - showing user pages
DEBUG: Updating balance for user ID: 9
DEBUG: Getting balance for user ID: 9
DEBUG: User balance: 959.26341
DEBUG: Setting up button handlers...
DEBUG: User dashboard initialized successfully
DEBUG: Loading view: History from /com/tradingdemo/view/history.fxml
DEBUG: Successfully loaded History
Error making CryptoCompare API request: Connect timed out
Error making request to CoinDesk: Connect timed out
java.net.SocketTimeoutException: Connect timed out
	at java.base/sun.nio.ch.NioSocketImpl.timedFinishConnect(NioSocketImpl.java:551)
	at java.base/sun.nio.ch.NioSocketImpl.connect(NioSocketImpl.java:602)
	at java.base/java.net.SocksSocketImpl.connect(SocksSocketImpl.java:327)
	at java.base/java.net.Socket.connect(Socket.java:633)
	at java.base/sun.security.ssl.SSLSocketImpl.connect(SSLSocketImpl.java:304)
	at java.base/sun.net.NetworkClient.doConnect(NetworkClient.java:178)
	at java.base/sun.net.www.http.HttpClient.openServer(HttpClient.java:533)
	at java.base/sun.net.www.http.HttpClient.openServer(HttpClient.java:638)
	at java.base/sun.net.www.protocol.https.HttpsClient.<init>(HttpsClient.java:266)
	at java.base/sun.net.www.protocol.https.HttpsClient.New(HttpsClient.java:380)
	at java.base/sun.net.www.protocol.https.AbstractDelegateHttpsURLConnection.getNewHttpClient(AbstractDelegateHttpsURLConnection.java:193)
	at java.base/sun.net.www.protocol.http.HttpURLConnection.plainConnect0(HttpURLConnection.java:1262)
	at java.base/sun.net.www.protocol.http.HttpURLConnection.plainConnect(HttpURLConnection.java:1148)
	at java.base/sun.net.www.protocol.https.AbstractDelegateHttpsURLConnection.connect(AbstractDelegateHttpsURLConnection.java:179)
	at java.base/sun.net.www.protocol.http.HttpURLConnection.getInputStream0(HttpURLConnection.java:1717)
	at java.base/sun.net.www.protocol.http.HttpURLConnection.getInputStream(HttpURLConnection.java:1641)
	at java.base/java.net.HttpURLConnection.getResponseCode(HttpURLConnection.java:529)
	at java.base/sun.net.www.protocol.https.HttpsURLConnectionImpl.getResponseCode(HttpsURLConnectionImpl.java:308)
	at com.tradingdemo.service.CryptoCompareNewsService.makeApiRequest(CryptoCompareNewsService.java:153)
	at com.tradingdemo.service.CryptoCompareNewsService.getLatestNews(CryptoCompareNewsService.java:46)
	at com.tradingdemo.service.AggregatedNewsService.lambda$getAggregatedNews$0(AggregatedNewsService.java:43)
	at java.base/java.util.concurrent.CompletableFuture$AsyncSupply.run(CompletableFuture.java:1768)
	at java.base/java.util.concurrent.CompletableFuture$AsyncSupply.exec(CompletableFuture.java:1760)
	at java.base/java.util.concurrent.ForkJoinTask.doExec(ForkJoinTask.java:373)
	at java.base/java.util.concurrent.ForkJoinPool$WorkQueue.topLevelExec(ForkJoinPool.java:1182)
	at java.base/java.util.concurrent.ForkJoinPool.scan(ForkJoinPool.java:1655)
	at java.base/java.util.concurrent.ForkJoinPool.runWorker(ForkJoinPool.java:1622)
	at java.base/java.util.concurrent.ForkJoinWorkerThread.run(ForkJoinWorkerThread.java:165)
Error making CryptoPanic API request: Connect timed out
Error making request to Cointelegraph: Connect timed out
CryptoCompare returned: 0 articles
CryptoPanic returned: 0 articles
CoinDesk returned: 0 articles
Cointelegraph returned: 0 articles
No API news available, using local demo news
Total unique news articles: 5
Feb 13, 2026 10:54:21 PM javafx.fxml.FXMLLoader$ValueElement processValue
WARNING: Loading FXML document with JavaFX API of version 25 by JavaFX runtime of version 21.0.2
DEBUG: Initializing DashboardController...
DEBUG: Current user: omar@gmail.com
DEBUG: Setting welcome label...
DEBUG: User is regular user - showing user pages
DEBUG: Updating balance for user ID: 9
DEBUG: Getting balance for user ID: 9
DEBUG: User balance: 959.26341
DEBUG: Setting up button handlers...
DEBUG: User dashboard initialized successfully
DEBUG: Loading view: Profile from /com/tradingdemo/view/profil.fxml
Feb 13, 2026 10:54:23 PM javafx.fxml.FXMLLoader$ValueElement processValue
WARNING: Loading FXML document with JavaFX API of version 25 by JavaFX runtime of version 21.0.2
DEBUG: Successfully loaded Profile
[INFO] ------------------------------------------------------------------------
[INFO] BUILD SUCCESS
[INFO] ------------------------------------------------------------------------
[INFO] Total time:  52.940 s
[INFO] Finished at: 2026-02-13T22:54:44+01:00
[INFO] ------------------------------------------------------------------------
