=========================================
  CRYPTOCURRENCY TRADING APP
  Local Run (XAMPP / phpMyAdmin)
=========================================

Prereqs:
  1) Start XAMPP and ensure MySQL is running
  2) Open phpMyAdmin -> Import -> choose database.sql -> Go
  3) DB user=root, password is empty (default)

Building...
Launching...
[INFO] Scanning for projects...
[INFO] 
[INFO] ----------------< com.tradingdemo:crypto-trading-demo >-----------------
[INFO] Building Crypto Trading Demo 1.0.0
[INFO]   from pom.xml
[INFO] --------------------------------[ jar ]---------------------------------
[INFO] 
[INFO] >>> javafx:0.0.8:run (default-cli) > process-classes @ crypto-trading-demo >>>
[WARNING] 6 problems were encountered while building the effective model for org.openjfx:javafx-controls:jar:21.0.2
[WARNING] The artifact mysql:mysql-connector-java:jar:8.0.33 has been relocated to com.mysql:mysql-connector-j:jar:8.0.33: MySQL Connector/J artifacts moved to reverse-DNS compliant Maven 2+ coordinates.
[INFO] 
[INFO] --- resources:3.3.1:resources (default-resources) @ crypto-trading-demo ---
[INFO] Copying 11 resources from src/main/resources to target/classes
[INFO] 
[INFO] --- compiler:3.11.0:compile (default-compile) @ crypto-trading-demo ---
[INFO] Nothing to compile - all classes are up to date
[INFO] 
[INFO] <<< javafx:0.0.8:run (default-cli) < process-classes @ crypto-trading-demo <<<
[INFO] 
[WARNING] The artifact mysql:mysql-connector-java:jar:8.0.33 has been relocated to com.mysql:mysql-connector-j:jar:8.0.33: MySQL Connector/J artifacts moved to reverse-DNS compliant Maven 2+ coordinates.
[INFO] 
[INFO] --- javafx:0.0.8:run (default-cli) @ crypto-trading-demo ---
Database connection established successfully!
DEBUG: Attempting login with email: omar@gmail.com
DEBUG: User found: omar@gmail.com (ID: 9)
DEBUG: Verifying password...
DEBUG: Login successful for: omar@gmail.com
DEBUG: Login successful, loading dashboard...
DEBUG: Loading dashboard FXML...
DEBUG: Dashboard FXML resource: file:/home/g701943/Trading_wolfers/target/classes/com/tradingdemo/view/dashboard.fxml
Feb 13, 2026 10:46:58 PM javafx.fxml.FXMLLoader$ValueElement processValue
WARNING: Loading FXML document with JavaFX API of version 25 by JavaFX runtime of version 21.0.2
DEBUG: Initializing DashboardController...
DEBUG: Current user: omar@gmail.com
DEBUG: Setting welcome label...
DEBUG: User is regular user - showing user pages
DEBUG: Updating balance for user ID: 9
DEBUG: Getting balance for user ID: 9
DEBUG: User balance: 959.26341
DEBUG: Setting up button handlers...
DEBUG: User dashboard initialized successfully
DEBUG: Dashboard FXML loaded successfully
DEBUG: Stylesheet applied: file:/home/g701943/Trading_wolfers/target/classes/com/tradingdemo/view/styles.css
DEBUG: Dashboard scene displayed
DEBUG: Loading view: Trading from /com/tradingdemo/view/trading.fxml
DEBUG: Refreshing order list - found 1 total orders
DEBUG: Adding order to list: BTC | LONG | 0.0010 | $40,736.59 | ▲ ++4.26
DEBUG: Successfully loaded Trading
DEBUG: Refreshing order list - found 1 total orders
DEBUG: Adding order to list: BTC | LONG | 0.0010 | $40,736.59 | ▲ ++4.26
Error making API request: Connect timed out
Error making API request: Connect timed out
⚠ Binance API unavailable - using simulated data
Error making sentiment API request: Connect timed out
Exception in thread "JavaFX Application Thread" java.lang.NullPointerException: Cannot invoke "javafx.scene.control.Label.setText(String)" because "this.sentimentReasoningLabel" is null
	at com.tradingdemo.controller.TradingController.lambda$updateSentimentDisplay$48(TradingController.java:1250)
	at javafx.graphics@21.0.2/com.sun.javafx.application.PlatformImpl.lambda$runLater$10(PlatformImpl.java:456)
	at java.base/java.security.AccessController.doPrivileged(AccessController.java:399)
	at javafx.graphics@21.0.2/com.sun.javafx.application.PlatformImpl.lambda$runLater$11(PlatformImpl.java:455)
	at javafx.graphics@21.0.2/com.sun.glass.ui.InvokeLaterDispatcher$Future.run(InvokeLaterDispatcher.java:95)
	at javafx.graphics@21.0.2/com.sun.glass.ui.gtk.GtkApplication.enterNestedEventLoopImpl(Native Method)
	at javafx.graphics@21.0.2/com.sun.glass.ui.gtk.GtkApplication._enterNestedEventLoop(GtkApplication.java:333)
	at javafx.graphics@21.0.2/com.sun.glass.ui.Application.enterNestedEventLoop(Application.java:515)
	at javafx.graphics@21.0.2/com.sun.glass.ui.EventLoop.enter(EventLoop.java:107)
	at javafx.graphics@21.0.2/com.sun.javafx.tk.quantum.QuantumToolkit.enterNestedEventLoop(QuantumToolkit.java:650)
	at javafx.graphics@21.0.2/javafx.stage.Stage.showAndWait(Stage.java:469)
	at javafx.controls@21.0.2/javafx.scene.control.HeavyweightDialog.showAndWait(HeavyweightDialog.java:162)
	at javafx.controls@21.0.2/javafx.scene.control.Dialog.showAndWait(Dialog.java:346)
	at com.tradingdemo.util.AlertUtils.showWarning(AlertUtils.java:37)
	at com.tradingdemo.controller.TradingController.lambda$startPriceUpdates$38(TradingController.java:804)
	at javafx.graphics@21.0.2/com.sun.javafx.application.PlatformImpl.lambda$runLater$10(PlatformImpl.java:456)
	at java.base/java.security.AccessController.doPrivileged(AccessController.java:399)
	at javafx.graphics@21.0.2/com.sun.javafx.application.PlatformImpl.lambda$runLater$11(PlatformImpl.java:455)
	at javafx.graphics@21.0.2/com.sun.glass.ui.InvokeLaterDispatcher$Future.run(InvokeLaterDispatcher.java:95)
	at javafx.graphics@21.0.2/com.sun.glass.ui.gtk.GtkApplication._runLoop(Native Method)
	at javafx.graphics@21.0.2/com.sun.glass.ui.gtk.GtkApplication.lambda$runLoop$10(GtkApplication.java:263)
	at java.base/java.lang.Thread.run(Thread.java:840)
DEBUG: Refreshing order list - found 1 total orders
DEBUG: Adding order to list: BTC | LONG | 0.0010 | $40,736.59 | ▲ ++4.50
Error making API request: Connect timed out
Error making sentiment API request: Connect timed out
Exception in thread "JavaFX Application Thread" java.lang.NullPointerException: Cannot invoke "javafx.scene.control.Label.setText(String)" because "this.sentimentReasoningLabel" is null
	at com.tradingdemo.controller.TradingController.lambda$updateSentimentDisplay$48(TradingController.java:1250)
	at javafx.graphics@21.0.2/com.sun.javafx.application.PlatformImpl.lambda$runLater$10(PlatformImpl.java:456)
	at java.base/java.security.AccessController.doPrivileged(AccessController.java:399)
	at javafx.graphics@21.0.2/com.sun.javafx.application.PlatformImpl.lambda$runLater$11(PlatformImpl.java:455)
	at javafx.graphics@21.0.2/com.sun.glass.ui.InvokeLaterDispatcher$Future.run(InvokeLaterDispatcher.java:95)
	at javafx.graphics@21.0.2/com.sun.glass.ui.gtk.GtkApplication._runLoop(Native Method)
	at javafx.graphics@21.0.2/com.sun.glass.ui.gtk.GtkApplication.lambda$runLoop$10(GtkApplication.java:263)
	at java.base/java.lang.Thread.run(Thread.java:840)
DEBUG: Refreshing order list - found 1 total orders
DEBUG: Adding order to list: BTC | LONG | 0.0010 | $40,736.59 | ▲ ++4.28
DEBUG: Refreshing order list - found 1 total orders
DEBUG: Adding order to list: BTC | LONG | 0.0010 | $40,736.59 | ▲ ++4.61
DEBUG: Refreshing order list - found 1 total orders
DEBUG: Adding order to list: BTC | LONG | 0.0010 | $40,736.59 | ▲ ++4.51
DEBUG: Refreshing order list - found 1 total orders
DEBUG: Adding order to list: BTC | LONG | 0.0010 | $40,736.59 | ▲ ++4.19
DEBUG: Refreshing order list - found 1 total orders
DEBUG: Adding order to list: BTC | LONG | 0.0010 | $40,736.59 | ▲ ++3.86
DEBUG: Refreshing order list - found 1 total orders
DEBUG: Adding order to list: BTC | LONG | 0.0010 | $40,736.59 | ▲ ++3.85
DEBUG: Refreshing order list - found 1 total orders
DEBUG: Adding order to list: BTC | LONG | 0.0010 | $40,736.59 | ▲ ++3.57
DEBUG: Refreshing order list - found 1 total orders
DEBUG: Adding order to list: BTC | LONG | 0.0010 | $40,736.59 | ▲ ++3.56
DEBUG: Refreshing order list - found 1 total orders
DEBUG: Adding order to list: BTC | LONG | 0.0010 | $40,736.59 | ▲ ++3.83
DEBUG: Refreshing order list - found 1 total orders
DEBUG: Adding order to list: BTC | LONG | 0.0010 | $40,736.59 | ▲ ++4.11
DEBUG: Refreshing order list - found 1 total orders
DEBUG: Adding order to list: BTC | LONG | 0.0010 | $40,736.59 | ▲ ++4.09
DEBUG: Refreshing order list - found 1 total orders
DEBUG: Adding order to list: BTC | LONG | 0.0010 | $40,736.59 | ▲ ++3.66
Feb 13, 2026 10:48:12 PM javafx.fxml.FXMLLoader$ValueElement processValue
WARNING: Loading FXML document with JavaFX API of version 25 by JavaFX runtime of version 21.0.2
DEBUG: Initializing DashboardController...
DEBUG: Current user: omar@gmail.com
DEBUG: Setting welcome label...
DEBUG: User is regular user - showing user pages
DEBUG: Updating balance for user ID: 9
DEBUG: Getting balance for user ID: 9
DEBUG: User balance: 959.26341
DEBUG: Setting up button handlers...
DEBUG: User dashboard initialized successfully
DEBUG: Refreshing order list - found 1 total orders
DEBUG: Adding order to list: BTC | LONG | 0.0010 | $40,736.59 | ▲ ++3.77
DEBUG: Loading view: Wallet from /com/tradingdemo/view/wallet.fxml
DEBUG: Successfully loaded Wallet
Feb 13, 2026 10:48:16 PM javafx.fxml.FXMLLoader$ValueElement processValue
WARNING: Loading FXML document with JavaFX API of version 25 by JavaFX runtime of version 21.0.2
DEBUG: Initializing DashboardController...
DEBUG: Current user: omar@gmail.com
DEBUG: Setting welcome label...
DEBUG: User is regular user - showing user pages
DEBUG: Updating balance for user ID: 9
DEBUG: Getting balance for user ID: 9
DEBUG: User balance: 959.26341
DEBUG: Setting up button handlers...
DEBUG: User dashboard initialized successfully
DEBUG: Loading view: History from /com/tradingdemo/view/history.fxml
DEBUG: Successfully loaded History
Feb 13, 2026 10:48:19 PM javafx.fxml.FXMLLoader$ValueElement processValue
WARNING: Loading FXML document with JavaFX API of version 25 by JavaFX runtime of version 21.0.2
DEBUG: Initializing DashboardController...
DEBUG: Current user: omar@gmail.com
DEBUG: Setting welcome label...
DEBUG: User is regular user - showing user pages
DEBUG: Updating balance for user ID: 9
DEBUG: Getting balance for user ID: 9
DEBUG: User balance: 959.26341
DEBUG: Setting up button handlers...
DEBUG: User dashboard initialized successfully
DEBUG: Loading view: News from /com/tradingdemo/view/news.fxml
Starting news fetch from aggregated sources...
Fetching from CryptoCompare...
Fetching from CryptoPanic...
Fetching from Cointelegraph...
Fetching from CoinDesk...
DEBUG: Successfully loaded News
DEBUG: Refreshing order list - found 1 total orders
DEBUG: Adding order to list: BTC | LONG | 0.0010 | $40,736.59 | ▲ ++4.18
Feb 13, 2026 10:48:21 PM javafx.fxml.FXMLLoader$ValueElement processValue
WARNING: Loading FXML document with JavaFX API of version 25 by JavaFX runtime of version 21.0.2
DEBUG: Initializing DashboardController...
DEBUG: Current user: omar@gmail.com
DEBUG: Setting welcome label...
DEBUG: User is regular user - showing user pages
DEBUG: Updating balance for user ID: 9
DEBUG: Getting balance for user ID: 9
DEBUG: User balance: 959.26341
DEBUG: Setting up button handlers...
DEBUG: User dashboard initialized successfully
Error making request to CoinDesk: Connect timed out
Error making CryptoPanic API request: Connect timed out
Error making CryptoCompare API request: Connect timed out
java.net.SocketTimeoutException: Connect timed out
	at java.base/sun.nio.ch.NioSocketImpl.timedFinishConnect(NioSocketImpl.java:551)
	at java.base/sun.nio.ch.NioSocketImpl.connect(NioSocketImpl.java:602)
	at java.base/java.net.SocksSocketImpl.connect(SocksSocketImpl.java:327)
	at java.base/java.net.Socket.connect(Socket.java:633)
	at java.base/sun.security.ssl.SSLSocketImpl.connect(SSLSocketImpl.java:304)
	at java.base/sun.net.NetworkClient.doConnect(NetworkClient.java:178)
	at java.base/sun.net.www.http.HttpClient.openServer(HttpClient.java:533)
	at java.base/sun.net.www.http.HttpClient.openServer(HttpClient.java:638)
	at java.base/sun.net.www.protocol.https.HttpsClient.<init>(HttpsClient.java:266)
	at java.base/sun.net.www.protocol.https.HttpsClient.New(HttpsClient.java:380)
	at java.base/sun.net.www.protocol.https.AbstractDelegateHttpsURLConnection.getNewHttpClient(AbstractDelegateHttpsURLConnection.java:193)
	at java.base/sun.net.www.protocol.http.HttpURLConnection.plainConnect0(HttpURLConnection.java:1262)
	at java.base/sun.net.www.protocol.http.HttpURLConnection.plainConnect(HttpURLConnection.java:1148)
	at java.base/sun.net.www.protocol.https.AbstractDelegateHttpsURLConnection.connect(AbstractDelegateHttpsURLConnection.java:179)
	at java.base/sun.net.www.protocol.http.HttpURLConnection.getInputStream0(HttpURLConnection.java:1717)
	at java.base/sun.net.www.protocol.http.HttpURLConnection.getInputStream(HttpURLConnection.java:1641)
	at java.base/java.net.HttpURLConnection.getResponseCode(HttpURLConnection.java:529)
	at java.base/sun.net.www.protocol.https.HttpsURLConnectionImpl.getResponseCode(HttpsURLConnectionImpl.java:308)
	at com.tradingdemo.service.CryptoCompareNewsService.makeApiRequest(CryptoCompareNewsService.java:153)
	at com.tradingdemo.service.CryptoCompareNewsService.getLatestNews(CryptoCompareNewsService.java:46)
	at com.tradingdemo.service.AggregatedNewsService.lambda$getAggregatedNews$0(AggregatedNewsService.java:43)
	at java.base/java.util.concurrent.CompletableFuture$AsyncSupply.run(CompletableFuture.java:1768)
	at java.base/java.util.concurrent.CompletableFuture$AsyncSupply.exec(CompletableFuture.java:1760)
	at java.base/java.util.concurrent.ForkJoinTask.doExec(ForkJoinTask.java:373)
	at java.base/java.util.concurrent.ForkJoinPool$WorkQueue.topLevelExec(ForkJoinPool.java:1182)
	at java.base/java.util.concurrent.ForkJoinPool.scan(ForkJoinPool.java:1655)
	at java.base/java.util.concurrent.ForkJoinPool.runWorker(ForkJoinPool.java:1622)
	at java.base/java.util.concurrent.ForkJoinWorkerThread.run(ForkJoinWorkerThread.java:165)
Error making request to Cointelegraph: Connect timed out
CryptoCompare returned: 0 articles
CryptoPanic returned: 0 articles
CoinDesk returned: 0 articles
Cointelegraph returned: 0 articles
No API news available, using local demo news
Total unique news articles: 5
[INFO] ------------------------------------------------------------------------
[INFO] BUILD SUCCESS
[INFO] ------------------------------------------------------------------------
[INFO] Total time:  01:43 min
[INFO] Finished at: 2026-02-13T22:48:31+01:00
[INFO] ------------------------------------------------------------------------
